c:\users\d2niel\desktop\proyecmonopolypractice\proyecmonopolypractice\x64\debug\vc143.pdb
c:\users\d2niel\desktop\proyecmonopolypractice\proyecmonopolypractice\x64\debug\vc143.idb
c:\users\d2niel\desktop\proyecmonopolypractice\proyecmonopolypractice\x64\debug\scrollbar.obj
c:\users\d2niel\desktop\proyecmonopolypractice\proyecmonopolypractice\x64\debug\resourcegame.obj
c:\users\d2niel\desktop\proyecmonopolypractice\proyecmonopolypractice\x64\debug\pieceselector.obj
c:\users\d2niel\desktop\proyecmonopolypractice\proyecmonopolypractice\x64\debug\objetosglobal.obj
c:\users\d2niel\desktop\proyecmonopolypractice\proyecmonopolypractice\x64\debug\movepieces.obj
c:\users\d2niel\desktop\proyecmonopolypractice\proyecmonopolypractice\x64\debug\mensagebox.obj
c:\users\d2niel\desktop\proyecmonopolypractice\proyecmonopolypractice\x64\debug\menup.obj
c:\users\d2niel\desktop\proyecmonopolypractice\proyecmonopolypractice\x64\debug\main.obj
c:\users\d2niel\desktop\proyecmonopolypractice\proyecmonopolypractice\x64\debug\iniciauser.obj
c:\users\d2niel\desktop\proyecmonopolypractice\proyecmonopolypractice\x64\debug\iniciarpartida.obj
c:\users\d2niel\desktop\proyecmonopolypractice\proyecmonopolypractice\x64\debug\housebuy.obj
c:\users\d2niel\desktop\proyecmonopolypractice\proyecmonopolypractice\x64\debug\gameend.obj
c:\users\d2niel\desktop\proyecmonopolypractice\proyecmonopolypractice\x64\debug\fileio.obj
c:\users\d2niel\desktop\proyecmonopolypractice\proyecmonopolypractice\x64\debug\economy.obj
c:\users\d2niel\desktop\proyecmonopolypractice\proyecmonopolypractice\x64\debug\client.obj
c:\users\d2niel\desktop\proyecmonopolypractice\proyecmonopolypractice\x64\debug\cinematic.obj
c:\users\d2niel\desktop\proyecmonopolypractice\proyecmonopolypractice\x64\debug\cell.obj
c:\users\d2niel\desktop\proyecmonopolypractice\proyecmonopolypractice\x64\debug\buttong.obj
c:\users\d2niel\desktop\proyecmonopolypractice\proyecmonopolypractice\x64\debug\resourceglobal.obj
c:\users\d2niel\desktop\proyecmonopolypractice\proyecmonopolypractice\x64\debug\textbox.obj
c:\users\d2niel\desktop\proyecmonopolypractice\proyecmonopolypractice\x64\debug\settingsmanager.obj
c:\users\d2niel\desktop\proyecmonopolypractice\proyecmonopolypractice\x64\debug\ruleta.obj
c:\users\d2niel\desktop\proyecmonopolypractice\proyecmonopolypractice\x64\debug\nulo.obj
c:\users\d2niel\desktop\proyecmonopolypractice\proyecmonopolypractice\x64\debug\stealplayer.obj
c:\users\d2niel\desktop\proyecmonopolypractice\proyecmonopolypractice\x64\debug\multiplayergame.obj
c:\users\d2niel\desktop\proyecmonopolypractice\proyecmonopolypractice\x64\debug\gamemodeselector.obj
c:\users\d2niel\desktop\proyecmonopolypractice\proyecmonopolypractice\x64\debug\chat.obj
c:\users\d2niel\desktop\proyecmonopolypractice\proyecmonopolypractice\x64\debug\gameoptions.obj
c:\users\d2niel\desktop\proyecmonopolypractice\x64\debug\proyecmonopolypractice.exe
c:\users\d2niel\desktop\proyecmonopolypractice\x64\debug\proyecmonopolypractice.pdb
c:\users\d2niel\desktop\proyecmonopolypractice\proyecmonopolypractice\x64\debug\proyecmonopolypractice.ilk
c:\users\d2niel\desktop\proyecmonopolypractice\proyecmonopolypractice\x64\debug\gamemode.obj
c:\users\d2niel\desktop\proyecmonopolypractice\proyecmonopolypractice\x64\debug\proyecmo.b07da0fb.tlog\cl.command.1.tlog
c:\users\d2niel\desktop\proyecmonopolypractice\proyecmonopolypractice\x64\debug\proyecmo.b07da0fb.tlog\cl.items.tlog
c:\users\d2niel\desktop\proyecmonopolypractice\proyecmonopolypractice\x64\debug\proyecmo.b07da0fb.tlog\cl.read.1.tlog
c:\users\d2niel\desktop\proyecmonopolypractice\proyecmonopolypractice\x64\debug\proyecmo.b07da0fb.tlog\cl.write.1.tlog
c:\users\d2niel\desktop\proyecmonopolypractice\proyecmonopolypractice\x64\debug\proyecmo.b07da0fb.tlog\link.command.1.tlog
c:\users\d2niel\desktop\proyecmonopolypractice\proyecmonopolypractice\x64\debug\proyecmo.b07da0fb.tlog\link.read.1.tlog
c:\users\d2niel\desktop\proyecmonopolypractice\proyecmonopolypractice\x64\debug\proyecmo.b07da0fb.tlog\link.secondary.1.tlog
c:\users\d2niel\desktop\proyecmonopolypractice\proyecmonopolypractice\x64\debug\proyecmo.b07da0fb.tlog\link.write.1.tlog
